<?xml version="1.0" encoding="UTF-8"?>
<!-- Generated by org.testng.reporters.JUnitReportReporter -->
<testsuite hostname="akbhatia-note2" name="TestFiles.ShoppingTest" tests="3" failures="0" timestamp="21 Oct 2016 03:53:37 GMT" time="25.331" errors="0">
  <testcase name="CheckCart" time="0.072" classname="TestFiles.ShoppingTest"/>
  <testcase name="Login" time="12.329" classname="TestFiles.ShoppingTest"/>
  <testcase name="AddItem" time="12.930" classname="TestFiles.ShoppingTest"/>
</testsuite> <!-- TestFiles.ShoppingTest -->
